{"level":"info","message":"Server running at http://localhost:5000","timestamp":"2025-09-12T14:31:00.503Z"}
{"level":"info","message":"Database connected successfully","timestamp":"2025-09-12T14:31:02.508Z"}
{"level":"info","message":"Server running at http://localhost:5000","timestamp":"2025-09-12T14:31:34.399Z"}
{"level":"info","message":"Database connected successfully","timestamp":"2025-09-12T14:31:35.661Z"}
{"level":"info","message":"Server running at http://localhost:5000","timestamp":"2025-09-12T14:31:41.746Z"}
{"level":"info","message":"Database connected successfully","timestamp":"2025-09-12T14:31:42.938Z"}
{"level":"info","message":"Server running at http://localhost:5000","timestamp":"2025-09-12T15:33:22.490Z"}
{"level":"info","message":"Database connected successfully","timestamp":"2025-09-12T15:33:24.036Z"}
{"level":"info","message":"Server running at http://localhost:5000","timestamp":"2025-09-12T15:34:01.573Z"}
{"level":"info","message":"Database connected successfully","timestamp":"2025-09-12T15:34:03.027Z"}
{"level":"info","message":"Server running at http://localhost:5000","timestamp":"2025-09-14T04:50:00.130Z"}
{"level":"info","message":"Database connected successfully","timestamp":"2025-09-14T04:50:01.705Z"}
{"level":"info","message":"Server running at http://localhost:5000","timestamp":"2025-09-14T04:52:30.594Z"}
{"level":"info","message":"Database connected successfully","timestamp":"2025-09-14T04:52:32.102Z"}
{"level":"info","message":"Server running at http://localhost:5000","timestamp":"2025-09-14T04:56:40.668Z"}
{"level":"info","message":"Database connected successfully","timestamp":"2025-09-14T04:56:42.245Z"}
{"level":"info","message":"Server running at http://localhost:5000","timestamp":"2025-09-14T04:58:00.811Z"}
{"level":"info","message":"Database connected successfully","timestamp":"2025-09-14T04:58:02.454Z"}
{"level":"info","message":"Server running at http://localhost:5000","timestamp":"2025-09-14T05:00:48.655Z"}
{"level":"info","message":"Database connected successfully","timestamp":"2025-09-14T05:00:50.245Z"}
{"level":"info","message":"Server running at http://localhost:5000","timestamp":"2025-09-14T05:02:15.125Z"}
{"level":"info","message":"Database connected successfully","timestamp":"2025-09-14T05:02:16.632Z"}
{"level":"info","message":"Server running at http://localhost:5000","timestamp":"2025-09-14T05:02:33.078Z"}
{"level":"info","message":"Database connected successfully","timestamp":"2025-09-14T05:02:34.336Z"}
{"level":"info","message":"Server running at http://localhost:5000","timestamp":"2025-09-14T05:02:37.922Z"}
{"level":"info","message":"Database connected successfully","timestamp":"2025-09-14T05:02:39.389Z"}
{"level":"info","message":"Server running at http://localhost:5000","timestamp":"2025-09-14T05:03:17.535Z"}
{"level":"info","message":"Database connected successfully","timestamp":"2025-09-14T05:03:19.024Z"}
{"level":"info","message":"Server running at http://localhost:5000","timestamp":"2025-09-14T05:03:28.321Z"}
{"level":"info","message":"Database connected successfully","timestamp":"2025-09-14T05:03:29.493Z"}
{"level":"info","message":"Server running at http://localhost:5000","timestamp":"2025-09-14T05:14:03.439Z"}
{"level":"info","message":"Server running at http://localhost:5000","timestamp":"2025-09-14T05:14:06.857Z"}
{"level":"info","message":"Server running at http://localhost:5000","timestamp":"2025-09-14T05:14:11.205Z"}
{"level":"info","message":"Database connected successfully","timestamp":"2025-09-14T05:14:12.554Z"}
{"level":"info","message":"Server running at http://localhost:5000","timestamp":"2025-09-14T05:14:44.023Z"}
{"level":"info","message":"Database connected successfully","timestamp":"2025-09-14T05:14:45.527Z"}
{"level":"error","message":"Doctor is not defined","timestamp":"2025-09-14T05:17:52.575Z"}
{"level":"info","message":"Server running at http://localhost:5000","timestamp":"2025-09-14T05:19:07.067Z"}
{"level":"info","message":"Server running at http://localhost:5000","timestamp":"2025-09-14T05:19:10.944Z"}
{"level":"info","message":"Database connected successfully","timestamp":"2025-09-14T05:19:12.255Z"}
{"level":"info","message":"Server running at http://localhost:5000","timestamp":"2025-09-14T05:19:37.898Z"}
{"level":"info","message":"Database connected successfully","timestamp":"2025-09-14T05:19:39.285Z"}
{"level":"info","message":"GET /api/payment/doctor/card","timestamp":"2025-09-14T05:22:25.061Z"}
{"level":"info","message":"GET /api/payment/doctor/card","timestamp":"2025-09-14T05:22:25.147Z"}
{"level":"info","message":"GET /api/payment/doctor/card","timestamp":"2025-09-14T05:23:56.770Z"}
{"level":"info","message":"GET /api/payment/doctor/card","timestamp":"2025-09-14T05:23:58.747Z"}
{"level":"info","message":"GET /api/payment/doctor/card","timestamp":"2025-09-14T05:23:58.765Z"}
{"level":"info","message":"GET /api/payment/doctor/card","timestamp":"2025-09-14T05:24:37.506Z"}
{"level":"info","message":"GET /api/payment/doctor/card","timestamp":"2025-09-14T05:24:37.526Z"}
{"level":"info","message":"GET /api/payment/doctor/card","timestamp":"2025-09-14T05:26:32.850Z"}
{"level":"info","message":"GET /api/payment/doctor/card","timestamp":"2025-09-14T05:26:38.795Z"}
{"level":"info","message":"GET /api/payment/doctor/card","timestamp":"2025-09-14T05:26:38.802Z"}
{"level":"info","message":"Server running at http://localhost:5000","timestamp":"2025-09-14T05:41:22.723Z"}
{"level":"info","message":"Database connected successfully","timestamp":"2025-09-14T05:41:24.467Z"}
{"level":"info","message":"Server running at http://localhost:5000","timestamp":"2025-09-14T05:41:54.660Z"}
{"level":"info","message":"Database connected successfully","timestamp":"2025-09-14T05:41:55.829Z"}
{"level":"info","message":"Server running at http://localhost:5000","timestamp":"2025-09-14T05:42:39.316Z"}
{"level":"info","message":"Database connected successfully","timestamp":"2025-09-14T05:42:40.801Z"}
{"level":"info","message":"Server running at http://localhost:5000","timestamp":"2025-09-14T05:55:35.681Z"}
{"level":"info","message":"Database connected successfully","timestamp":"2025-09-14T05:55:37.427Z"}
{"level":"info","message":"Server running at http://localhost:5000","timestamp":"2025-09-14T05:55:53.023Z"}
{"level":"info","message":"Database connected successfully","timestamp":"2025-09-14T05:55:54.281Z"}
{"level":"info","message":"Server running at http://localhost:5000","timestamp":"2025-09-14T05:56:02.917Z"}
{"level":"info","message":"Database connected successfully","timestamp":"2025-09-14T05:56:04.370Z"}
{"level":"info","message":"Server running at http://localhost:5000","timestamp":"2025-09-14T06:02:19.264Z"}
{"level":"info","message":"Database connected successfully","timestamp":"2025-09-14T06:02:21.229Z"}
{"level":"info","message":"Server running at http://localhost:5000","timestamp":"2025-09-14T06:02:26.325Z"}
{"level":"info","message":"Server running at http://localhost:5000","timestamp":"2025-09-14T06:02:28.880Z"}
{"level":"info","message":"Database connected successfully","timestamp":"2025-09-14T06:02:30.301Z"}
{"level":"info","message":"Server running at http://localhost:5000","timestamp":"2025-09-14T06:02:53.281Z"}
{"level":"info","message":"Database connected successfully","timestamp":"2025-09-14T06:02:54.770Z"}
{"level":"info","message":"Server running at http://localhost:5000","timestamp":"2025-09-14T06:03:21.202Z"}
{"level":"info","message":"Database connected successfully","timestamp":"2025-09-14T06:03:22.567Z"}
{"level":"info","message":"Server running at http://localhost:5000","timestamp":"2025-09-14T06:03:53.731Z"}
{"level":"info","message":"Server running at http://localhost:5000","timestamp":"2025-09-14T06:03:56.829Z"}
{"level":"info","message":"Database connected successfully","timestamp":"2025-09-14T06:03:58.113Z"}
{"level":"info","message":"Server running at http://localhost:5000","timestamp":"2025-09-14T06:09:46.684Z"}
{"level":"info","message":"Database connected successfully","timestamp":"2025-09-14T06:09:49.408Z"}
{"level":"info","message":"POST /api/send/send-test-email","timestamp":"2025-09-14T06:09:53.025Z"}
{"level":"info","message":"Server running at http://localhost:5000","timestamp":"2025-09-14T06:13:02.679Z"}
{"level":"info","message":"Database connected successfully","timestamp":"2025-09-14T06:13:04.784Z"}
{"level":"info","message":"Server running at http://localhost:5000","timestamp":"2025-09-14T06:13:21.680Z"}
{"level":"info","message":"Database connected successfully","timestamp":"2025-09-14T06:13:23.026Z"}
{"level":"info","message":"Server running at http://localhost:5000","timestamp":"2025-09-14T06:13:36.607Z"}
{"level":"info","message":"Database connected successfully","timestamp":"2025-09-14T06:13:37.873Z"}
{"level":"info","message":"Server running at http://localhost:5000","timestamp":"2025-09-14T06:13:45.182Z"}
{"level":"info","message":"Server running at http://localhost:5000","timestamp":"2025-09-14T06:13:49.254Z"}
{"level":"info","message":"Database connected successfully","timestamp":"2025-09-14T06:13:50.689Z"}
{"level":"info","message":"Server running at http://localhost:5000","timestamp":"2025-09-14T06:14:00.116Z"}
{"level":"info","message":"Database connected successfully","timestamp":"2025-09-14T06:14:01.474Z"}
{"level":"info","message":"Server running at http://localhost:5000","timestamp":"2025-09-14T06:14:09.387Z"}
{"level":"info","message":"Server running at http://localhost:5000","timestamp":"2025-09-14T06:14:13.190Z"}
{"level":"info","message":"Database connected successfully","timestamp":"2025-09-14T06:14:14.924Z"}
{"level":"info","message":"Server running at http://localhost:5000","timestamp":"2025-09-14T06:14:36.401Z"}
{"level":"info","message":"Database connected successfully","timestamp":"2025-09-14T06:14:38.008Z"}
{"level":"info","message":"Server running at http://localhost:5000","timestamp":"2025-09-14T06:14:42.965Z"}
{"level":"info","message":"Database connected successfully","timestamp":"2025-09-14T06:14:44.387Z"}
{"level":"info","message":"Server running at http://localhost:5000","timestamp":"2025-09-14T06:15:06.644Z"}
{"level":"info","message":"Database connected successfully","timestamp":"2025-09-14T06:15:07.995Z"}
{"level":"info","message":"Server running at http://localhost:5000","timestamp":"2025-09-14T06:15:12.050Z"}
{"level":"info","message":"Database connected successfully","timestamp":"2025-09-14T06:15:13.543Z"}
{"level":"info","message":"Server running at http://localhost:5000","timestamp":"2025-09-14T06:15:28.272Z"}
{"level":"info","message":"Database connected successfully","timestamp":"2025-09-14T06:15:29.856Z"}
{"level":"info","message":"Server running at http://localhost:5000","timestamp":"2025-09-14T06:15:37.996Z"}
{"level":"info","message":"Database connected successfully","timestamp":"2025-09-14T06:15:39.791Z"}
{"level":"info","message":"Server running at http://localhost:5000","timestamp":"2025-09-14T06:16:01.825Z"}
{"level":"info","message":"Database connected successfully","timestamp":"2025-09-14T06:16:03.670Z"}
{"level":"info","message":"Server running at http://localhost:5000","timestamp":"2025-09-14T06:16:09.076Z"}
{"level":"info","message":"Database connected successfully","timestamp":"2025-09-14T06:16:10.459Z"}
{"level":"info","message":"Server running at http://localhost:5000","timestamp":"2025-09-14T06:16:35.053Z"}
{"level":"info","message":"Database connected successfully","timestamp":"2025-09-14T06:16:36.382Z"}
{"level":"info","message":"Server running at http://localhost:5000","timestamp":"2025-09-14T06:16:41.454Z"}
{"level":"info","message":"Database connected successfully","timestamp":"2025-09-14T06:16:42.823Z"}
{"level":"info","message":"Server running at http://localhost:5000","timestamp":"2025-09-14T06:24:25.340Z"}
{"level":"info","message":"Database connected successfully","timestamp":"2025-09-14T06:24:26.709Z"}
{"level":"info","message":"Server running at http://localhost:5000","timestamp":"2025-09-14T06:24:33.596Z"}
{"level":"info","message":"Database connected successfully","timestamp":"2025-09-14T06:24:34.977Z"}
{"level":"info","message":"Server running at http://localhost:5000","timestamp":"2025-09-14T06:25:15.894Z"}
{"level":"info","message":"Database connected successfully","timestamp":"2025-09-14T06:25:17.060Z"}
{"level":"info","message":"Server running at http://localhost:5000","timestamp":"2025-09-14T06:25:24.855Z"}
{"level":"info","message":"Database connected successfully","timestamp":"2025-09-14T06:25:26.563Z"}
{"level":"info","message":"Server running at http://localhost:5000","timestamp":"2025-09-14T06:25:56.240Z"}
{"level":"info","message":"Database connected successfully","timestamp":"2025-09-14T06:25:57.519Z"}
{"level":"info","message":"Server running at http://localhost:5000","timestamp":"2025-09-14T06:26:08.905Z"}
{"level":"info","message":"Database connected successfully","timestamp":"2025-09-14T06:26:10.115Z"}
{"level":"info","message":"Server running at http://localhost:5000","timestamp":"2025-09-14T06:26:20.504Z"}
{"level":"info","message":"Database connected successfully","timestamp":"2025-09-14T06:26:21.628Z"}
{"level":"info","message":"Server running at http://localhost:5000","timestamp":"2025-09-14T06:26:53.678Z"}
{"level":"info","message":"Database connected successfully","timestamp":"2025-09-14T06:26:54.909Z"}
{"level":"info","message":"Server running at http://localhost:5000","timestamp":"2025-09-14T06:27:03.311Z"}
{"level":"info","message":"Database connected successfully","timestamp":"2025-09-14T06:27:04.421Z"}
{"level":"info","message":"Server running at http://localhost:5000","timestamp":"2025-09-14T06:28:25.678Z"}
{"level":"info","message":"Database connected successfully","timestamp":"2025-09-14T06:28:27.044Z"}
{"level":"info","message":"Server running at http://localhost:5000","timestamp":"2025-09-14T06:31:21.381Z"}
{"level":"info","message":"Server running at http://localhost:5000","timestamp":"2025-09-14T06:31:30.544Z"}
{"level":"info","message":"Database connected successfully","timestamp":"2025-09-14T06:31:31.831Z"}
{"level":"info","message":"Server running at http://localhost:5000","timestamp":"2025-09-14T06:31:52.324Z"}
{"level":"info","message":"Server running at http://localhost:5000","timestamp":"2025-09-14T06:32:06.660Z"}
{"level":"info","message":"Server running at http://localhost:5000","timestamp":"2025-09-14T06:32:08.728Z"}
{"level":"info","message":"Database connected successfully","timestamp":"2025-09-14T06:32:09.836Z"}
{"level":"info","message":"Server running at http://localhost:5000","timestamp":"2025-09-14T06:33:04.076Z"}
{"level":"info","message":"Database connected successfully","timestamp":"2025-09-14T06:33:05.423Z"}
{"level":"info","message":"Server running at http://localhost:5000","timestamp":"2025-09-14T06:33:07.020Z"}
{"level":"info","message":"Database connected successfully","timestamp":"2025-09-14T06:33:08.224Z"}
{"level":"info","message":"Server running at http://localhost:5000","timestamp":"2025-09-14T06:33:21.830Z"}
{"level":"info","message":"Server running at http://localhost:5000","timestamp":"2025-09-14T06:33:23.936Z"}
{"level":"info","message":"Database connected successfully","timestamp":"2025-09-14T06:33:25.073Z"}
{"level":"info","message":"Server running at http://localhost:5000","timestamp":"2025-09-14T06:34:51.169Z"}
{"level":"info","message":"Database connected successfully","timestamp":"2025-09-14T06:34:52.707Z"}
{"level":"info","message":"Server running at http://localhost:5000","timestamp":"2025-09-25T09:33:05.186Z"}
{"level":"info","message":"Database connected successfully","timestamp":"2025-09-25T09:33:06.484Z"}
{"level":"info","message":"Server running at http://localhost:5000","timestamp":"2025-10-17T23:11:13.606Z"}
{"level":"info","message":"Database connected successfully","timestamp":"2025-10-17T23:11:14.693Z"}
{"level":"info","message":"Server running at http://localhost:5000","timestamp":"2025-10-27T12:02:24.542Z"}
{"level":"info","message":"Database connected successfully","timestamp":"2025-10-27T12:02:25.669Z"}
{"level":"info","message":"Server running at http://localhost:5000","timestamp":"2025-10-27T12:43:33.629Z"}
{"level":"info","message":"Database connected successfully","timestamp":"2025-10-27T12:43:34.838Z"}
{"level":"info","message":"Server running at http://localhost:5000","timestamp":"2025-10-28T11:56:26.170Z"}
{"level":"info","message":"Database connected successfully","timestamp":"2025-10-28T11:56:27.656Z"}
{"level":"info","message":"Server running at http://localhost:5000","timestamp":"2025-10-28T12:16:54.752Z"}
{"level":"info","message":"Database connected successfully","timestamp":"2025-10-28T12:16:56.336Z"}
{"level":"info","message":"Server running at http://localhost:5000","timestamp":"2025-10-28T12:18:23.208Z"}
{"level":"info","message":"Database connected successfully","timestamp":"2025-10-28T12:18:24.733Z"}
{"level":"info","message":"Server running at http://localhost:5000","timestamp":"2025-10-28T12:28:03.730Z"}
{"level":"info","message":"Database connected successfully","timestamp":"2025-10-28T12:28:05.111Z"}
{"level":"info","message":"Server running at http://localhost:5000","timestamp":"2025-10-28T12:33:16.921Z"}
{"level":"info","message":"Database connected successfully","timestamp":"2025-10-28T12:33:18.201Z"}
{"level":"info","message":"POST /api/paypal/create-order","timestamp":"2025-10-28T12:36:55.488Z"}
{"level":"info","message":"POST /api/paypal/create-order","timestamp":"2025-10-28T12:38:24.532Z"}
{"level":"info","message":"Server running at http://localhost:5000","timestamp":"2025-10-28T12:39:28.481Z"}
{"level":"info","message":"Database connected successfully","timestamp":"2025-10-28T12:39:30.022Z"}
{"level":"info","message":"Server running at http://localhost:5000","timestamp":"2025-10-28T12:41:41.599Z"}
{"level":"info","message":"Database connected successfully","timestamp":"2025-10-28T12:41:42.925Z"}
{"level":"info","message":"Server running at http://localhost:5000","timestamp":"2025-10-28T12:45:34.818Z"}
{"level":"info","message":"Database connected successfully","timestamp":"2025-10-28T12:45:36.207Z"}
{"level":"info","message":"Server running at http://localhost:5000","timestamp":"2025-10-28T12:57:29.649Z"}
{"level":"info","message":"Database connected successfully","timestamp":"2025-10-28T12:57:31.255Z"}
{"level":"info","message":"Server running at http://localhost:5000","timestamp":"2025-10-28T13:38:28.735Z"}
{"level":"info","message":"Database connected successfully","timestamp":"2025-10-28T13:38:30.226Z"}
{"level":"info","message":"Server running at http://localhost:5000","timestamp":"2025-10-28T13:44:23.264Z"}
{"level":"info","message":"Database connected successfully","timestamp":"2025-10-28T13:44:25.341Z"}
{"level":"info","message":"Server running at http://localhost:5000","timestamp":"2025-10-28T13:47:19.478Z"}
{"level":"info","message":"Database connected successfully","timestamp":"2025-10-28T13:47:21.152Z"}
{"level":"info","message":"Server running at http://localhost:5000","timestamp":"2025-10-28T13:57:21.102Z"}
{"level":"info","message":"Database connected successfully","timestamp":"2025-10-28T13:57:23.083Z"}
{"level":"info","message":"Server running at http://localhost:5000","timestamp":"2025-10-31T14:34:36.136Z"}
{"level":"info","message":"Database connected successfully","timestamp":"2025-10-31T14:34:38.214Z"}
{"level":"info","message":"Server running at http://localhost:5000","timestamp":"2025-10-31T14:44:47.946Z"}
{"level":"info","message":"Database connected successfully","timestamp":"2025-10-31T14:44:49.458Z"}
{"level":"info","message":"Server running at http://localhost:5000","timestamp":"2025-11-22T13:23:37.396Z"}
{"level":"info","message":"Database connected successfully","timestamp":"2025-11-22T13:23:39.108Z"}
{"level":"info","message":"Server running at http://localhost:5000","timestamp":"2025-11-22T17:16:09.922Z"}
{"level":"info","message":"Database connected successfully","timestamp":"2025-11-22T17:16:11.680Z"}
{"level":"info","message":"Server running at http://localhost:5000","timestamp":"2025-11-23T08:13:21.471Z"}
{"level":"info","message":"Database connected successfully","timestamp":"2025-11-23T08:13:22.627Z"}
{"level":"info","message":"POST /api/admin/register","timestamp":"2025-11-23T08:20:28.830Z"}
{"level":"info","message":"Server running at http://localhost:5000","timestamp":"2025-11-23T08:20:52.522Z"}
{"level":"info","message":"Database connected successfully","timestamp":"2025-11-23T08:20:55.165Z"}
{"level":"info","message":"Server running at http://localhost:5000","timestamp":"2025-11-23T08:37:22.105Z"}
{"level":"info","message":"Database connected successfully","timestamp":"2025-11-23T08:37:23.257Z"}
{"level":"info","message":"Server running at http://localhost:5000","timestamp":"2025-11-23T08:37:31.007Z"}
{"level":"info","message":"Database connected successfully","timestamp":"2025-11-23T08:37:32.173Z"}
{"level":"info","message":"Server running at http://localhost:5000","timestamp":"2025-11-23T08:39:30.049Z"}
{"level":"info","message":"Database connected successfully","timestamp":"2025-11-23T08:39:30.914Z"}
{"level":"info","message":"Server running at http://localhost:5000","timestamp":"2025-11-23T08:40:42.800Z"}
{"level":"info","message":"Database connected successfully","timestamp":"2025-11-23T08:40:43.712Z"}
{"level":"info","message":"Server running at http://localhost:5000","timestamp":"2025-11-23T08:41:39.236Z"}
{"level":"info","message":"Database connected successfully","timestamp":"2025-11-23T08:41:42.495Z"}
{"level":"info","message":"Server running at http://localhost:5000","timestamp":"2025-11-23T09:38:37.064Z"}
{"level":"info","message":"Database connected successfully","timestamp":"2025-11-23T09:38:38.302Z"}
{"level":"info","message":"Server running at http://localhost:5000","timestamp":"2025-11-24T16:47:10.477Z"}
{"level":"info","message":"Database connected successfully","timestamp":"2025-11-24T16:47:11.737Z"}
{"level":"info","message":"Server running at http://localhost:5000","timestamp":"2025-11-24T16:55:11.153Z"}
{"level":"info","message":"Database connected successfully","timestamp":"2025-11-24T16:55:12.270Z"}
{"level":"info","message":"Server running at http://localhost:5000","timestamp":"2025-11-24T17:09:53.146Z"}
{"level":"info","message":"Database connected successfully","timestamp":"2025-11-24T17:09:54.342Z"}
{"level":"info","message":"Server running at http://localhost:5000","timestamp":"2025-11-25T05:04:58.253Z"}
{"level":"info","message":"Database connected successfully","timestamp":"2025-11-25T05:05:00.270Z"}
{"level":"info","message":"POST /api/api/appointments","timestamp":"2025-11-25T05:09:34.723Z"}
{"level":"info","message":"POST /api/api/appointments","timestamp":"2025-11-25T05:14:46.748Z"}
{"level":"info","message":"Server running at http://localhost:5000","timestamp":"2025-11-25T05:16:10.558Z"}
{"level":"info","message":"Database connected successfully","timestamp":"2025-11-25T05:16:12.314Z"}
{"level":"info","message":"POST /api/api/appointments","timestamp":"2025-11-25T05:16:13.914Z"}
{"level":"info","message":"Server running at http://localhost:5000","timestamp":"2025-11-25T05:20:41.631Z"}
{"level":"info","message":"Database connected successfully","timestamp":"2025-11-25T05:20:42.927Z"}
{"level":"info","message":"POST /api/api/appointments","timestamp":"2025-11-25T05:21:41.766Z"}
{"level":"info","message":"Server running at http://localhost:5000","timestamp":"2025-11-25T05:22:57.590Z"}
{"level":"info","message":"Database connected successfully","timestamp":"2025-11-25T05:22:59.153Z"}
{"level":"info","message":"Server running at http://localhost:5000","timestamp":"2025-11-25T06:22:56.863Z"}
{"level":"info","message":"Database connected successfully","timestamp":"2025-11-25T06:22:58.443Z"}
{"level":"info","message":"Server running at http://localhost:5000","timestamp":"2025-11-25T12:15:25.200Z"}
{"level":"info","message":"Database connected successfully","timestamp":"2025-11-25T12:15:27.130Z"}
{"level":"info","message":"Server running at http://localhost:5000","timestamp":"2025-11-25T12:24:17.557Z"}
{"level":"info","message":"Server running at http://localhost:5000","timestamp":"2025-11-26T15:34:54.156Z"}
{"level":"info","message":"Database connected successfully","timestamp":"2025-11-26T15:34:55.685Z"}
{"level":"info","message":"Server running at http://localhost:5000","timestamp":"2025-11-26T15:37:54.999Z"}
{"level":"info","message":"Database connected successfully","timestamp":"2025-11-26T15:37:56.712Z"}
{"level":"info","message":"POST /api/users/p","timestamp":"2025-11-26T15:38:21.278Z"}
{"level":"info","message":"Server running at http://localhost:5000","timestamp":"2025-11-26T15:39:45.960Z"}
{"level":"info","message":"Database connected successfully","timestamp":"2025-11-26T15:39:46.871Z"}
{"level":"info","message":"POST /api/users/p","timestamp":"2025-11-26T15:39:50.704Z"}
{"level":"info","message":"POST /predict-heart","timestamp":"2025-11-26T15:39:50.728Z"}
{"level":"info","message":"Server running at http://localhost:5000","timestamp":"2025-11-26T15:43:46.650Z"}
{"level":"info","message":"Database connected successfully","timestamp":"2025-11-26T15:43:47.591Z"}
{"level":"info","message":"POST /api/users/p","timestamp":"2025-11-26T15:43:51.225Z"}
{"level":"info","message":"POST /predict-heart","timestamp":"2025-11-26T15:43:51.272Z"}
{"level":"info","message":"POST /api/users/p","timestamp":"2025-11-26T15:45:18.408Z"}
{"level":"info","message":"POST /predict-heart","timestamp":"2025-11-26T15:45:18.415Z"}
{"level":"info","message":"Server running at http://localhost:5000","timestamp":"2025-11-26T15:45:32.490Z"}
{"level":"info","message":"Database connected successfully","timestamp":"2025-11-26T15:45:33.382Z"}
{"level":"info","message":"POST /api/users/p","timestamp":"2025-11-26T15:45:35.440Z"}
{"level":"info","message":"POST /api/users/p","timestamp":"2025-11-26T15:46:28.777Z"}
{"level":"info","message":"POST /api/users/p","timestamp":"2025-11-26T15:50:30.153Z"}
{"level":"info","message":"POST /api/users/p","timestamp":"2025-11-26T15:51:03.344Z"}
{"level":"info","message":"POST /api/users/p","timestamp":"2025-11-26T15:51:05.453Z"}
{"level":"info","message":"Server running at http://localhost:5000","timestamp":"2025-11-27T13:24:45.547Z"}
{"level":"info","message":"Database connected successfully","timestamp":"2025-11-27T13:24:47.215Z"}
{"level":"info","message":"Server running at http://localhost:5000","timestamp":"2025-11-27T13:37:39.560Z"}
{"level":"info","message":"Database connected successfully","timestamp":"2025-11-27T13:37:41.357Z"}
{"level":"info","message":"POST /api/report/analyze","timestamp":"2025-11-27T13:40:45.274Z"}
{"level":"info","message":"POST /api/report/analyze","timestamp":"2025-11-27T13:47:51.695Z"}
{"level":"info","message":"POST /api/report/analyze","timestamp":"2025-11-27T13:50:14.602Z"}
{"level":"info","message":"POST /api/report/analyze","timestamp":"2025-11-27T13:50:24.599Z"}
{"level":"info","message":"POST /api/report/analyze","timestamp":"2025-11-27T13:51:21.856Z"}
{"level":"info","message":"Server running at http://localhost:5000","timestamp":"2025-11-27T13:52:46.553Z"}
{"level":"info","message":"POST /api/report/analyze","timestamp":"2025-11-27T13:52:49.565Z"}
{"level":"info","message":"Database connected successfully","timestamp":"2025-11-27T13:52:49.825Z"}
{"level":"info","message":"Server running at http://localhost:5000","timestamp":"2025-11-27T13:53:07.284Z"}
{"level":"info","message":"Database connected successfully","timestamp":"2025-11-27T13:53:09.646Z"}
{"level":"info","message":"POST /api/report/analyze","timestamp":"2025-11-27T13:53:16.692Z"}
{"level":"info","message":"POST /api/report/analyze","timestamp":"2025-11-27T13:54:54.099Z"}
{"level":"info","message":"Server running at http://localhost:5000","timestamp":"2025-11-27T13:55:00.074Z"}
{"level":"info","message":"Database connected successfully","timestamp":"2025-11-27T13:55:01.981Z"}
{"level":"info","message":"POST /api/report/analyze","timestamp":"2025-11-27T13:55:05.596Z"}
{"level":"info","message":"Server running at http://localhost:5000","timestamp":"2025-11-28T14:48:20.667Z"}
{"level":"info","message":"Database connected successfully","timestamp":"2025-11-28T14:48:22.002Z"}
{"level":"info","message":"GET /api/doctors/6922c63ff7c7ec169bc40b75","timestamp":"2025-11-28T14:52:09.715Z"}
{"level":"info","message":"GET /api/doctors/6922c63ff7c7ec169bc40b75","timestamp":"2025-11-28T14:52:09.737Z"}
{"level":"info","message":"GET /api/doctors/6922c63ff7c7ec169bc40b75","timestamp":"2025-11-28T14:53:31.752Z"}
{"level":"info","message":"GET /api/doctors/6922c63ff7c7ec169bc40b75","timestamp":"2025-11-28T14:53:31.758Z"}
{"level":"info","message":"GET /api/doctors/6922c63ff7c7ec169bc40b75","timestamp":"2025-11-28T14:56:08.586Z"}
{"level":"info","message":"GET /api/doctors/6922c63ff7c7ec169bc40b75","timestamp":"2025-11-28T14:56:08.613Z"}
{"level":"info","message":"Server running at http://localhost:5000","timestamp":"2025-11-28T14:57:24.185Z"}
{"level":"info","message":"Database connected successfully","timestamp":"2025-11-28T14:57:33.649Z"}
{"level":"info","message":"Server running at http://localhost:5000","timestamp":"2025-11-28T15:02:40.154Z"}
{"level":"info","message":"Database connected successfully","timestamp":"2025-11-28T15:02:42.412Z"}
{"level":"info","message":"GET /api/doctors/6922c63ff7c7ec169bc40b75","timestamp":"2025-11-28T15:02:49.835Z"}
{"level":"info","message":"GET /api/doctors/6922c63ff7c7ec169bc40b75","timestamp":"2025-11-28T15:02:49.861Z"}
{"level":"info","message":"Server running at http://localhost:5000","timestamp":"2025-11-28T15:06:04.285Z"}
{"level":"info","message":"Database connected successfully","timestamp":"2025-11-28T15:06:07.957Z"}
{"level":"info","message":"Server running at http://localhost:5000","timestamp":"2025-12-13T11:18:47.007Z"}
{"level":"info","message":"Database connected successfully","timestamp":"2025-12-13T11:18:49.757Z"}
{"level":"info","message":"Server running at http://localhost:5000","timestamp":"2025-12-13T11:22:02.755Z"}
{"level":"info","message":"Database connected successfully","timestamp":"2025-12-13T11:22:04.171Z"}
{"level":"info","message":"Server running at http://localhost:5000","timestamp":"2025-12-13T11:23:09.165Z"}
{"level":"info","message":"Database connected successfully","timestamp":"2025-12-13T11:23:12.721Z"}
{"level":"info","message":"Server running at http://localhost:5000","timestamp":"2025-12-14T06:52:36.310Z"}
{"level":"info","message":"Database connected successfully","timestamp":"2025-12-14T06:52:38.254Z"}
{"level":"info","message":"POST /api/report/analyze","timestamp":"2025-12-14T06:57:56.056Z"}
{"level":"info","message":"POST /api/report/analyze","timestamp":"2025-12-14T13:24:45.691Z"}
{"level":"info","message":"Server running at http://localhost:5000","timestamp":"2025-12-14T13:25:47.733Z"}
{"level":"info","message":"Database connected successfully","timestamp":"2025-12-14T13:25:49.227Z"}
{"level":"info","message":"POST /api/report/analyze","timestamp":"2025-12-14T13:25:52.353Z"}
{"level":"info","message":"Server running at http://localhost:5000","timestamp":"2025-12-14T13:26:40.726Z"}
{"level":"info","message":"Database connected successfully","timestamp":"2025-12-14T13:26:42.236Z"}
{"level":"info","message":"POST /api/report/analyze","timestamp":"2025-12-14T13:31:32.487Z"}
{"level":"info","message":"Server running at http://localhost:5000","timestamp":"2025-12-14T13:49:31.806Z"}
{"level":"info","message":"Database connected successfully","timestamp":"2025-12-14T13:49:33.194Z"}
{"level":"info","message":"POST /api/report/analyze","timestamp":"2025-12-14T13:49:57.064Z"}
{"level":"info","message":"Server running at http://localhost:5000","timestamp":"2025-12-14T13:51:38.643Z"}
{"level":"info","message":"Database connected successfully","timestamp":"2025-12-14T13:51:40.015Z"}
{"level":"info","message":"POST /api/report/analyze","timestamp":"2025-12-14T13:52:02.204Z"}
{"level":"info","message":"POST /api/report/analyze","timestamp":"2025-12-14T13:52:27.501Z"}
{"level":"info","message":"POST /api/report/analyze","timestamp":"2025-12-14T13:53:09.305Z"}
{"level":"info","message":"Server running at http://localhost:5000","timestamp":"2025-12-14T13:57:22.447Z"}
{"level":"info","message":"Database connected successfully","timestamp":"2025-12-14T13:57:24.435Z"}
{"level":"info","message":"Server running at http://localhost:5000","timestamp":"2025-12-14T13:57:49.810Z"}
{"level":"info","message":"Database connected successfully","timestamp":"2025-12-14T13:57:51.332Z"}
{"level":"info","message":"POST /api/report/analyze","timestamp":"2025-12-14T13:57:57.879Z"}
{"level":"info","message":"POST /api/report/analyze","timestamp":"2025-12-14T14:00:18.663Z"}
{"level":"info","message":"POST /api/report/analyze","timestamp":"2025-12-14T14:04:31.756Z"}
{"level":"info","message":"POST /api/report/analyze","timestamp":"2025-12-14T14:05:00.326Z"}
{"level":"info","message":"Server running at http://localhost:5000","timestamp":"2025-12-15T05:35:43.159Z"}
{"level":"info","message":"Server running at http://localhost:5000","timestamp":"2025-12-15T05:35:58.235Z"}
{"level":"info","message":"Server running at http://localhost:5000","timestamp":"2025-12-15T05:38:25.937Z"}
{"level":"info","message":"Server running at http://localhost:5000","timestamp":"2025-12-15T05:39:16.228Z"}
{"level":"info","message":"Server running at http://localhost:5000","timestamp":"2025-12-15T05:40:04.679Z"}
{"level":"info","message":"Server running at http://localhost:5000","timestamp":"2025-12-15T05:44:41.433Z"}
{"level":"info","message":"Server running at http://localhost:5000","timestamp":"2025-12-15T05:45:13.026Z"}
{"level":"info","message":"Server running at http://localhost:5000","timestamp":"2025-12-15T05:46:43.311Z"}
{"level":"info","message":"Server running at http://localhost:5000","timestamp":"2025-12-15T06:37:41.994Z"}
{"level":"info","message":"Server running at http://localhost:5000","timestamp":"2025-12-15T06:40:39.607Z"}
{"level":"info","message":"Server running at http://localhost:5000","timestamp":"2025-12-15T06:50:22.361Z"}
{"level":"info","message":"Database connected successfully","timestamp":"2025-12-15T06:50:24.190Z"}
{"level":"info","message":"POST /api/report/analyze","timestamp":"2025-12-15T06:53:31.595Z"}
{"level":"info","message":"POST /api/report/analyze","timestamp":"2025-12-15T06:54:40.836Z"}
{"level":"info","message":"POST /api/report/analyze","timestamp":"2025-12-15T07:01:56.422Z"}
{"level":"info","message":"POST /api/report/analyze","timestamp":"2025-12-15T07:05:22.402Z"}
{"level":"info","message":"Server running at http://localhost:5000","timestamp":"2025-12-15T07:05:49.064Z"}
{"level":"info","message":"Database connected successfully","timestamp":"2025-12-15T07:05:50.753Z"}
{"level":"info","message":"POST /api/report/analyze","timestamp":"2025-12-15T07:05:54.848Z"}
{"level":"info","message":"POST /api/report/analyze","timestamp":"2025-12-15T07:06:13.669Z"}
{"level":"info","message":"POST /api/report/analyze","timestamp":"2025-12-15T07:07:18.885Z"}
{"level":"info","message":"POST /api/report/analyze","timestamp":"2025-12-15T07:07:26.981Z"}
{"level":"info","message":"POST /api/report/analyze","timestamp":"2025-12-15T07:09:15.005Z"}
{"level":"info","message":"Server running at http://localhost:5000","timestamp":"2026-01-21T06:29:05.705Z"}
{"level":"info","message":"Server running at http://localhost:5000","timestamp":"2026-01-21T06:43:00.922Z"}
{"level":"info","message":"Server running at http://localhost:5000","timestamp":"2026-01-21T06:44:07.952Z"}
{"level":"info","message":"Server running at http://localhost:5000","timestamp":"2026-01-21T06:44:09.637Z"}
{"level":"info","message":"Server running at http://localhost:5000","timestamp":"2026-01-21T06:46:59.512Z"}
{"level":"info","message":"Server running at http://localhost:5000","timestamp":"2026-01-21T06:49:10.604Z"}
{"level":"info","message":"Server running at http://localhost:5000","timestamp":"2026-01-21T06:49:21.170Z"}
{"level":"info","message":"Server running at http://localhost:5000","timestamp":"2026-01-21T06:51:45.554Z"}
{"level":"info","message":"Server running at http://localhost:5000","timestamp":"2026-01-21T06:52:29.145Z"}
{"level":"info","message":"Server running at http://localhost:5000","timestamp":"2026-01-21T06:53:53.218Z"}
{"level":"info","message":"Database connected successfully","timestamp":"2026-01-21T06:53:54.150Z"}
{"level":"info","message":"POST /api/report/analyze","timestamp":"2026-01-21T06:54:03.467Z"}
{"level":"info","message":"Server running at http://localhost:5000","timestamp":"2026-01-21T07:00:02.170Z"}
{"level":"info","message":"Database connected successfully","timestamp":"2026-01-21T07:00:03.279Z"}
{"level":"info","message":"POST /api/report/analyze","timestamp":"2026-01-21T07:00:11.030Z"}
{"level":"info","message":"Server running at http://localhost:5000","timestamp":"2026-01-21T07:01:33.214Z"}
{"level":"info","message":"Database connected successfully","timestamp":"2026-01-21T07:01:34.302Z"}
{"level":"info","message":"POST /api/report/analyze","timestamp":"2026-01-21T07:01:37.312Z"}
{"level":"info","message":"POST /api/report/analyze","timestamp":"2026-01-21T07:02:34.244Z"}
{"level":"info","message":"POST /api/report/analyze","timestamp":"2026-01-21T07:20:33.738Z"}
{"level":"info","message":"POST /api/report/analyze","timestamp":"2026-01-21T07:23:06.342Z"}
{"level":"info","message":"Server running at http://localhost:5000","timestamp":"2026-01-22T05:51:02.431Z"}
{"level":"info","message":"Database connected successfully","timestamp":"2026-01-22T05:51:04.469Z"}
{"level":"info","message":"Server running at http://localhost:5000","timestamp":"2026-01-22T05:59:06.589Z"}
{"level":"info","message":"Database connected successfully","timestamp":"2026-01-22T05:59:07.506Z"}
{"level":"info","message":"Server running at http://localhost:5000","timestamp":"2026-01-22T06:12:01.726Z"}
{"level":"info","message":"Database connected successfully","timestamp":"2026-01-22T06:12:02.810Z"}
{"level":"info","message":"Server running at http://localhost:5000","timestamp":"2026-01-23T03:49:56.121Z"}
{"level":"info","message":"Database connected successfully","timestamp":"2026-01-23T03:49:57.211Z"}
{"level":"info","message":"Server running at http://localhost:5000","timestamp":"2026-01-23T03:51:45.861Z"}
{"level":"info","message":"Database connected successfully","timestamp":"2026-01-23T03:51:46.988Z"}
{"level":"info","message":"POST /api/report/analyze","timestamp":"2026-01-23T03:52:21.186Z"}
{"level":"info","message":"Server running at http://localhost:5000","timestamp":"2026-01-23T16:31:03.987Z"}
{"level":"info","message":"Database connected successfully","timestamp":"2026-01-23T16:31:05.033Z"}
{"level":"info","message":"Server running at http://localhost:5000","timestamp":"2026-01-23T17:14:48.599Z"}
{"level":"info","message":"Database connected successfully","timestamp":"2026-01-23T17:14:49.728Z"}
{"level":"info","message":"Server running at http://localhost:5000","timestamp":"2026-01-24T07:05:16.856Z"}
{"level":"info","message":"Database connected successfully","timestamp":"2026-01-24T07:05:17.876Z"}
{"level":"info","message":"Server running at http://localhost:5000","timestamp":"2026-01-24T07:13:25.171Z"}
{"level":"info","message":"Database connected successfully","timestamp":"2026-01-24T07:13:26.378Z"}
{"level":"info","message":"POST /api/report/analyze","timestamp":"2026-01-24T07:18:59.008Z"}
{"level":"error","message":"Doctor is not defined","timestamp":"2026-01-24T07:20:41.313Z"}
{"level":"error","message":"Doctor is not defined","timestamp":"2026-01-24T07:20:41.441Z"}
{"level":"info","message":"Server running at http://localhost:5000","timestamp":"2026-01-24T07:31:58.222Z"}
{"level":"info","message":"Database connected successfully","timestamp":"2026-01-24T07:31:59.411Z"}
{"level":"info","message":"POST /api/report/analyze","timestamp":"2026-01-24T07:32:57.552Z"}
{"level":"error","message":"Doctor is not defined","timestamp":"2026-01-24T07:33:05.849Z"}
{"level":"error","message":"Doctor is not defined","timestamp":"2026-01-24T07:33:05.864Z"}
{"level":"info","message":"Server running at http://localhost:5000","timestamp":"2026-01-24T07:34:18.052Z"}
{"level":"info","message":"Database connected successfully","timestamp":"2026-01-24T07:34:19.103Z"}
{"level":"info","message":"POST /api/report/analyze","timestamp":"2026-01-24T07:34:48.702Z"}
{"level":"info","message":"POST /api/report/analyze","timestamp":"2026-01-24T07:38:31.254Z"}
{"level":"info","message":"Server running at http://localhost:5000","timestamp":"2026-01-24T07:39:24.488Z"}
{"level":"info","message":"Database connected successfully","timestamp":"2026-01-24T07:39:25.454Z"}
{"level":"info","message":"Server running at http://localhost:5000","timestamp":"2026-01-24T07:45:48.654Z"}
{"level":"info","message":"Database connected successfully","timestamp":"2026-01-24T07:45:49.699Z"}
{"level":"info","message":"POST /api/report/analyze","timestamp":"2026-01-24T07:46:36.861Z"}
{"level":"info","message":"Server running at http://localhost:5000","timestamp":"2026-01-24T07:47:16.183Z"}
{"level":"info","message":"Database connected successfully","timestamp":"2026-01-24T07:47:17.315Z"}
{"level":"info","message":"Server running at http://localhost:5000","timestamp":"2026-01-24T07:48:35.278Z"}
{"level":"info","message":"Database connected successfully","timestamp":"2026-01-24T07:48:36.452Z"}
{"level":"info","message":"Server running at http://localhost:5000","timestamp":"2026-01-24T07:50:34.885Z"}
{"level":"info","message":"Database connected successfully","timestamp":"2026-01-24T07:50:36.006Z"}
{"level":"info","message":"Server running at http://localhost:5000","timestamp":"2026-01-24T07:56:05.401Z"}
{"level":"info","message":"Database connected successfully","timestamp":"2026-01-24T07:56:06.802Z"}
